android/app/build/intermediates/manifest_merge_blame_file/release/manifest-merger-blame-release-report.txt
1<?xml version="1.0" encoding="utf-8"?>
2<manifest xmlns:android="http://schemas.android.com/apk/res/android"
3    package="scrumstock.com"
4    android:versionCode="1"
5    android:versionName="1.0" >
6
7    <uses-sdk
8        android:minSdkVersion="29"
8-->src/main/AndroidManifest.xml
9        android:targetSdkVersion="33" />
9-->src/main/AndroidManifest.xml
10
11    <!-- Permissions -->
12
13    <uses-permission android:name="android.permission.INTERNET" />
13-->src/main/AndroidManifest.xml:41:5-67
13-->src/main/AndroidManifest.xml:41:22-64
14
15    <queries>
15-->[:capacitor-camera] AndroidManifest.xml:7:5-11:15
16        <intent>
16-->[:capacitor-camera] AndroidManifest.xml:8:9-10:18
17            <action android:name="android.media.action.IMAGE_CAPTURE" />
17-->[:capacitor-camera] AndroidManifest.xml:9:13-73
17-->[:capacitor-camera] AndroidManifest.xml:9:21-70
18        </intent>
19    </queries>
20
21    <uses-permission android:name="android.permission.VIBRATE" />
21-->[:capacitor-haptics] AndroidManifest.xml:7:5-66
21-->[:capacitor-haptics] AndroidManifest.xml:7:22-63
22
23    <application
23-->src/main/AndroidManifest.xml:5:5-37:19
24        android:allowBackup="true"
24-->src/main/AndroidManifest.xml:6:9-35
25        android:appComponentFactory="androidx.core.app.CoreComponentFactory"
25-->[androidx.core:core:1.8.0] AndroidManifest.xml:24:18-86
26        android:extractNativeLibs="false"
27        android:icon="@mipmap/ic_launcher"
27-->src/main/AndroidManifest.xml:7:9-43
28        android:label="@string/app_name"
28-->src/main/AndroidManifest.xml:8:9-41
29        android:roundIcon="@mipmap/ic_launcher_round"
29-->src/main/AndroidManifest.xml:9:9-54
30        android:supportsRtl="true"
30-->src/main/AndroidManifest.xml:10:9-35
31        android:theme="@style/AppTheme" >
31-->src/main/AndroidManifest.xml:11:9-40
32        <activity
32-->src/main/AndroidManifest.xml:13:9-26:20
33            android:name="scrumstock.com.MainActivity"
33-->src/main/AndroidManifest.xml:15:13-55
34            android:configChanges="orientation|keyboardHidden|keyboard|screenSize|locale|smallestScreenSize|screenLayout|uiMode"
34-->src/main/AndroidManifest.xml:14:13-129
35            android:exported="true"
35-->src/main/AndroidManifest.xml:19:13-36
36            android:label="@string/title_activity_main"
36-->src/main/AndroidManifest.xml:16:13-56
37            android:launchMode="singleTask"
37-->src/main/AndroidManifest.xml:18:13-44
38            android:theme="@style/AppTheme.NoActionBarLaunch" >
38-->src/main/AndroidManifest.xml:17:13-62
39            <intent-filter>
39-->src/main/AndroidManifest.xml:21:13-24:29
40                <action android:name="android.intent.action.MAIN" />
40-->src/main/AndroidManifest.xml:22:17-69
40-->src/main/AndroidManifest.xml:22:25-66
41
42                <category android:name="android.intent.category.LAUNCHER" />
42-->src/main/AndroidManifest.xml:23:17-77
42-->src/main/AndroidManifest.xml:23:27-74
43            </intent-filter>
44        </activity>
45
46        <provider
47            android:name="androidx.core.content.FileProvider"
47-->src/main/AndroidManifest.xml:29:13-62
48            android:authorities="scrumstock.com.fileprovider"
48-->src/main/AndroidManifest.xml:30:13-64
49            android:exported="false"
49-->src/main/AndroidManifest.xml:31:13-37
50            android:grantUriPermissions="true" >
50-->src/main/AndroidManifest.xml:32:13-47
51            <meta-data
51-->src/main/AndroidManifest.xml:33:13-35:64
52                android:name="android.support.FILE_PROVIDER_PATHS"
52-->src/main/AndroidManifest.xml:34:17-67
53                android:resource="@xml/file_paths" />
53-->src/main/AndroidManifest.xml:35:17-51
54        </provider>
55        <provider
55-->[androidx.emoji2:emoji2:1.2.0] AndroidManifest.xml:24:9-32:20
56            android:name="androidx.startup.InitializationProvider"
56-->[androidx.emoji2:emoji2:1.2.0] AndroidManifest.xml:25:13-67
57            android:authorities="scrumstock.com.androidx-startup"
57-->[androidx.emoji2:emoji2:1.2.0] AndroidManifest.xml:26:13-68
58            android:exported="false" >
58-->[androidx.emoji2:emoji2:1.2.0] AndroidManifest.xml:27:13-37
59            <meta-data
59-->[androidx.emoji2:emoji2:1.2.0] AndroidManifest.xml:29:13-31:52
60                android:name="androidx.emoji2.text.EmojiCompatInitializer"
60-->[androidx.emoji2:emoji2:1.2.0] AndroidManifest.xml:30:17-75
61                android:value="androidx.startup" />
61-->[androidx.emoji2:emoji2:1.2.0] AndroidManifest.xml:31:17-49
62            <meta-data
62-->[androidx.lifecycle:lifecycle-process:2.4.1] AndroidManifest.xml:31:13-33:52
63                android:name="androidx.lifecycle.ProcessLifecycleInitializer"
63-->[androidx.lifecycle:lifecycle-process:2.4.1] AndroidManifest.xml:32:17-78
64                android:value="androidx.startup" />
64-->[androidx.lifecycle:lifecycle-process:2.4.1] AndroidManifest.xml:33:17-49
65        </provider>
66    </application>
67
68</manifest>